This is pdfTeX, Version 3.14159265-2.6-1.40.20 (TeX Live 2019/Debian) (preloaded format=pdflatex 2020.10.7)  7 DEC 2020 22:05
entering extended mode
 restricted \write18 enabled.
 %&-line parsing enabled.
**titulo.tex
(./titulo.tex
LaTeX2e <2020-02-02> patch level 2
L3 programming layer <2020-02-14>

! LaTeX Error: Missing \begin{document}.

See the LaTeX manual or LaTeX Companion for explanation.
Type  H <return>  for immediate help.
 ...                                              
                                                  
l.2 \begin{center}
                  
You're in trouble here.  Try typing  <return>  to proceed.
If that doesn't work, type  X <return>  to quit.


Overfull \hbox (20.0pt too wide) in paragraph at lines 2--2
[] 
 []

! Undefined control sequence.
l.3 	{\Large
            \scshape Universidad de Antioquia \\[5pt] Facultad de Ciencias E...
The control sequence at the end of the top line
of your error message was never \def'ed. If you have
misspelled it (e.g., `\hobx'), type `I' and the correct
spelling (e.g., `I\hbox'). Otherwise just continue,
and I'll forget about whatever was undefined.


Overfull \hbox (61.0275pt too wide) in paragraph at lines 3--3
 \OT1/cmr/m/sc/10 Universidad 
 []


Overfull \hbox (11.82217pt too wide) in paragraph at lines 3--3
 \OT1/cmr/m/sc/10 de 
 []


Overfull \hbox (18.04987pt too wide) in paragraph at lines 3--3
 \OT1/cmr/m/sc/10 An- 
 []


Overfull \hbox (19.06654pt too wide) in paragraph at lines 3--3
 \OT1/cmr/m/sc/10 tio- 
 []


Overfull \hbox (21.64436pt too wide) in paragraph at lines 3--3
 \OT1/cmr/m/sc/10 quia 
 []


Overfull \hbox (46.00249pt too wide) in paragraph at lines 3--3
 []\OT1/cmr/m/sc/10 Facultad 
 []


Overfull \hbox (11.82217pt too wide) in paragraph at lines 3--3
 \OT1/cmr/m/sc/10 de 
 []


Overfull \hbox (26.37204pt too wide) in paragraph at lines 3--3
 \OT1/cmr/m/sc/10 Cien- 
 []


Overfull \hbox (19.64435pt too wide) in paragraph at lines 3--3
 \OT1/cmr/m/sc/10 cias 
 []


Overfull \hbox (17.32764pt too wide) in paragraph at lines 3--3
 \OT1/cmr/m/sc/10 Ex- 
 []


Overfull \hbox (15.5999pt too wide) in paragraph at lines 3--3
 \OT1/cmr/m/sc/10 ac- 
 []


Overfull \hbox (15.95546pt too wide) in paragraph at lines 3--3
 \OT1/cmr/m/sc/10 tas 
 []


Overfull \hbox (6.13332pt too wide) in paragraph at lines 3--3
 \OT1/cmr/m/sc/10 y 
 []


Overfull \hbox (23.29425pt too wide) in paragraph at lines 3--3
 \OT1/cmr/m/sc/10 Nat- 
 []


Overfull \hbox (9.91106pt too wide) in paragraph at lines 3--3
 \OT1/cmr/m/sc/10 u- 
 []


Overfull \hbox (27.44432pt too wide) in paragraph at lines 3--3
 \OT1/cmr/m/sc/10 rales 
 []

! Undefined control sequence.
l.3 ...Ciencias Exactas y Naturales \\[5pt] \large
                                                   Programa de pregado de Ma...
The control sequence at the end of the top line
of your error message was never \def'ed. If you have
misspelled it (e.g., `\hobx'), type `I' and the correct
spelling (e.g., `I\hbox'). Otherwise just continue,
and I'll forget about whatever was undefined.


Overfull \hbox (51.73862pt too wide) in paragraph at lines 3--4
 []\OT1/cmr/m/sc/10 Programa 
 []


Overfull \hbox (11.82217pt too wide) in paragraph at lines 3--4
 \OT1/cmr/m/sc/10 de 
 []


Overfull \hbox (20.95543pt too wide) in paragraph at lines 3--4
 \OT1/cmr/m/sc/10 pre- 
 []


Overfull \hbox (25.14435pt too wide) in paragraph at lines 3--4
 \OT1/cmr/m/sc/10 gado 
 []


Overfull \hbox (11.82217pt too wide) in paragraph at lines 3--4
 \OT1/cmr/m/sc/10 de 
 []


Overfull \hbox (65.99959pt too wide) in paragraph at lines 3--4
 \OT1/cmr/m/sc/10 Matem[]aticas 
 []


Overfull \hbox (20.0pt too wide) in paragraph at lines 8--8
[] 
 []

! Undefined control sequence.
l.9 	{\large
            \scshape Avance de proyecto de grado}
The control sequence at the end of the top line
of your error message was never \def'ed. If you have
misspelled it (e.g., `\hobx'), type `I' and the correct
spelling (e.g., `I\hbox'). Otherwise just continue,
and I'll forget about whatever was undefined.


Overfull \hbox (35.97202pt too wide) in paragraph at lines 9--10
 \OT1/cmr/m/sc/10 Avance 
 []


Overfull \hbox (11.82217pt too wide) in paragraph at lines 9--10
 \OT1/cmr/m/sc/10 de 
 []


Overfull \hbox (47.39975pt too wide) in paragraph at lines 9--10
 \OT1/cmr/m/sc/10 proyecto 
 []


Overfull \hbox (11.82217pt too wide) in paragraph at lines 9--10
 \OT1/cmr/m/sc/10 de 
 []


Overfull \hbox (31.16655pt too wide) in paragraph at lines 9--10
 \OT1/cmr/m/sc/10 grado 
 []


Overfull \hbox (20.0pt too wide) in paragraph at lines 13--13
[] 
 []

! Undefined control sequence.
l.14 	{\Large
             \scshape Estimador de error a-posteriori para un problema de va...
The control sequence at the end of the top line
of your error message was never \def'ed. If you have
misspelled it (e.g., `\hobx'), type `I' and the correct
spelling (e.g., `I\hbox'). Otherwise just continue,
and I'll forget about whatever was undefined.


Overfull \hbox (53.14972pt too wide) in paragraph at lines 14--15
 \OT1/cmr/m/sc/10 Estimador 
 []


Overfull \hbox (11.82217pt too wide) in paragraph at lines 14--15
 \OT1/cmr/m/sc/10 de 
 []


Overfull \hbox (15.37769pt too wide) in paragraph at lines 14--15
 \OT1/cmr/m/sc/10 er- 
 []


Overfull \hbox (18.1777pt too wide) in paragraph at lines 14--15
 \OT1/cmr/m/sc/10 ror 
 []


Overfull \hbox (9.91106pt too wide) in paragraph at lines 14--15
 \OT1/cmr/m/sc/10 a- 
 []


Overfull \hbox (52.44418pt too wide) in paragraph at lines 14--15
 \OT1/cmr/m/sc/10 posteriori 
 []


Overfull \hbox (23.19989pt too wide) in paragraph at lines 14--15
 \OT1/cmr/m/sc/10 para 
 []


Overfull \hbox (12.26663pt too wide) in paragraph at lines 14--15
 \OT1/cmr/m/sc/10 un 
 []


Overfull \hbox (27.31097pt too wide) in paragraph at lines 14--15
 \OT1/cmr/m/sc/10 prob- 
 []


Overfull \hbox (24.31099pt too wide) in paragraph at lines 14--15
 \OT1/cmr/m/sc/10 lema 
 []


Overfull \hbox (11.82217pt too wide) in paragraph at lines 14--15
 \OT1/cmr/m/sc/10 de 
 []


Overfull \hbox (20.28879pt too wide) in paragraph at lines 14--15
 \OT1/cmr/m/sc/10 val- 
 []


Overfull \hbox (22.53323pt too wide) in paragraph at lines 14--15
 \OT1/cmr/m/sc/10 ores 
 []


Overfull \hbox (11.82217pt too wide) in paragraph at lines 14--15
 \OT1/cmr/m/sc/10 de 
 []


Overfull \hbox (27.4221pt too wide) in paragraph at lines 14--15
 \OT1/cmr/m/sc/10 fron- 
 []


Overfull \hbox (23.64433pt too wide) in paragraph at lines 14--15
 \OT1/cmr/m/sc/10 tera 
 []


Overfull \hbox (20.84435pt too wide) in paragraph at lines 14--15
 \OT1/cmr/m/sc/10 aso- 
 []


Overfull \hbox (12.71101pt too wide) in paragraph at lines 14--15
 \OT1/cmr/m/sc/10 ci- 
 []


Overfull \hbox (18.73328pt too wide) in paragraph at lines 14--15
 \OT1/cmr/m/sc/10 ado 
 []


Overfull \hbox (6.13332pt too wide) in paragraph at lines 14--15
 \OT1/cmr/m/sc/10 a 
 []


Overfull \hbox (11.26662pt too wide) in paragraph at lines 14--15
 \OT1/cmr/m/sc/10 la 
 []


Overfull \hbox (44.95534pt too wide) in paragraph at lines 14--15
 \OT1/cmr/m/sc/10 ecuaci[]on 
 []


Overfull \hbox (11.82217pt too wide) in paragraph at lines 14--15
 \OT1/cmr/m/sc/10 de 
 []


Overfull \hbox (25.14981pt too wide) in paragraph at lines 14--15
 \OT1/cmr/m/sc/10 Pois- 
 []


Overfull \hbox (17.0666pt too wide) in paragraph at lines 14--15
 \OT1/cmr/m/sc/10 son 
 []


Overfull \hbox (23.19989pt too wide) in paragraph at lines 14--15
 \OT1/cmr/m/sc/10 para 
 []


Overfull \hbox (10.71104pt too wide) in paragraph at lines 14--15
 \OT1/cmr/m/sc/10 el 
 []


Overfull \hbox (22.97768pt too wide) in paragraph at lines 14--15
 \OT1/cmr/m/sc/10 caso 
 []


Overfull \hbox (17.01372pt too wide) in paragraph at lines 14--15
 \OT1/cmr/m/sc/10 2D. 
 []


Overfull \hbox (20.0pt too wide) in paragraph at lines 18--18
[] 
 []

! Undefined control sequence.
l.19 	{\large
             \scshape Presentado por : \\ JAVIER ANDR\'ES CAUSIL MARTINEZ \\...
The control sequence at the end of the top line
of your error message was never \def'ed. If you have
misspelled it (e.g., `\hobx'), type `I' and the correct
spelling (e.g., `I\hbox'). Otherwise just continue,
and I'll forget about whatever was undefined.


Overfull \hbox (59.283pt too wide) in paragraph at lines 19--19
 \OT1/cmr/m/sc/10 Presentado 
 []


Overfull \hbox (17.95547pt too wide) in paragraph at lines 19--19
 \OT1/cmr/m/sc/10 por 
 []


Overfull \hbox (3.1944pt too wide) in paragraph at lines 19--19
 \OT1/cmr/m/sc/10 : 
 []


Overfull \hbox (40.24954pt too wide) in paragraph at lines 19--19
 []\OT1/cmr/m/sc/10 JAVIER 
 []


Overfull \hbox (46.09676pt too wide) in paragraph at lines 19--19
 \OT1/cmr/m/sc/10 ANDR[]ES 
 []


Overfull \hbox (40.84679pt too wide) in paragraph at lines 19--19
 \OT1/cmr/m/sc/10 CAUSIL 
 []


Overfull \hbox (29.80525pt too wide) in paragraph at lines 19--19
 \OT1/cmr/m/sc/10 MAR- 
 []


Overfull \hbox (34.1663pt too wide) in paragraph at lines 19--19
 \OT1/cmr/m/sc/10 TINEZ 
 []


Overfull \hbox (57.0608pt too wide) in paragraph at lines 19--20
 []\OT1/cmr/m/sc/10 Estudiante 
 []


Overfull \hbox (11.82217pt too wide) in paragraph at lines 19--20
 \OT1/cmr/m/sc/10 de 
 []


Overfull \hbox (63.57744pt too wide) in paragraph at lines 19--20
 \OT1/cmr/m/sc/10 matem[]aticas 
 []


Overfull \hbox (11.82217pt too wide) in paragraph at lines 19--20
 \OT1/cmr/m/sc/10 de 
 []


Overfull \hbox (11.26662pt too wide) in paragraph at lines 19--20
 \OT1/cmr/m/sc/10 la 
 []


Overfull \hbox (21.07207pt too wide) in paragraph at lines 19--20
 \OT1/cmr/m/sc/10 Uni- 
 []


Overfull \hbox (21.511pt too wide) in paragraph at lines 19--20
 \OT1/cmr/m/sc/10 ver- 
 []


Overfull \hbox (11.3777pt too wide) in paragraph at lines 19--20
 \OT1/cmr/m/sc/10 si- 
 []


Overfull \hbox (18.39995pt too wide) in paragraph at lines 19--20
 \OT1/cmr/m/sc/10 dad 
 []


Overfull \hbox (11.82217pt too wide) in paragraph at lines 19--20
 \OT1/cmr/m/sc/10 de 
 []


Overfull \hbox (18.04987pt too wide) in paragraph at lines 19--20
 \OT1/cmr/m/sc/10 An- 
 []


Overfull \hbox (19.06654pt too wide) in paragraph at lines 19--20
 \OT1/cmr/m/sc/10 tio- 
 []


Overfull \hbox (21.64436pt too wide) in paragraph at lines 19--20
 \OT1/cmr/m/sc/10 quia 
 []


Overfull \hbox (20.0pt too wide) in paragraph at lines 23--23
[] 
 []

Missing character: There is no A in font nullfont!
Missing character: There is no s in font nullfont!
Missing character: There is no e in font nullfont!
Missing character: There is no s in font nullfont!
Missing character: There is no o in font nullfont!
Missing character: There is no r in font nullfont!
Missing character: There is no a in font nullfont!
Missing character: There is no : in font nullfont!
Missing character: There is no P in font nullfont!
Missing character: There is no h in font nullfont!
Missing character: There is no . in font nullfont!
Missing character: There is no D in font nullfont!
Missing character: There is no C in font nullfont!
Missing character: There is no a in font nullfont!
Missing character: There is no t in font nullfont!
Missing character: There is no a in font nullfont!
Missing character: There is no l in font nullfont!
Missing character: There is no i in font nullfont!
Missing character: There is no n in font nullfont!
Missing character: There is no a in font nullfont!
Missing character: There is no D in font nullfont!
Missing character: There is no o in font nullfont!
Missing character: There is no m in font nullfont!
LaTeX Font Info:    Trying to load font information for +cmr on input line 24.
LaTeX Font Info:    No file cmr.fd. on input line 24.

LaTeX Font Warning: Font shape `/cmr/m/n' undefined
(Font)              using `/cmr/m/n' instead on input line 24.

! Corrupted NFSS tables.
wrong@fontshape ...message {Corrupted NFSS tables}
                                                  error@fontshape else let f...
l.24 	Asesora: {Ph.D Catalina Dom\'i
                                    nguez Garc\'ia  }\\
This error message was generated by an \errmessage
command, so I can't give any explicit help.
Pretend that you're Hercule Poirot: Examine all clues,
and deduce the truth by order and method.


LaTeX Font Warning: Font shape `/cmr/m/n' undefined
(Font)              using `OT1/cmr/m/n' instead on input line 24.

Missing character: There is no n in font nullfont!
Missing character: There is no g in font nullfont!
Missing character: There is no u in font nullfont!
Missing character: There is no e in font nullfont!
Missing character: There is no z in font nullfont!
Missing character: There is no G in font nullfont!
Missing character: There is no a in font nullfont!
Missing character: There is no r in font nullfont!
Missing character: There is no c in font nullfont!
Missing character: There is no a in font nullfont!

Overfull \hbox (7.7778pt too wide) in paragraph at lines 24--24
 \/cmr/m/n/10 ^^Si 
 []


Overfull \hbox (2.77779pt too wide) in paragraph at lines 24--24
 []\/cmr/m/n/10 i 
 []

Missing character: There is no P in font nullfont!
Missing character: There is no r in font nullfont!
Missing character: There is no o in font nullfont!
Missing character: There is no f in font nullfont!
Missing character: There is no e in font nullfont!
Missing character: There is no s in font nullfont!
Missing character: There is no o in font nullfont!
Missing character: There is no r in font nullfont!
Missing character: There is no a in font nullfont!
Missing character: There is no d in font nullfont!
Missing character: There is no e in font nullfont!
Missing character: There is no l in font nullfont!
Missing character: There is no I in font nullfont!
Missing character: There is no n in font nullfont!
Missing character: There is no s in font nullfont!
Missing character: There is no t in font nullfont!
Missing character: There is no i in font nullfont!
Missing character: There is no t in font nullfont!
Missing character: There is no u in font nullfont!
Missing character: There is no t in font nullfont!
Missing character: There is no o in font nullfont!
Missing character: There is no d in font nullfont!
Missing character: There is no e in font nullfont!
Missing character: There is no M in font nullfont!
Missing character: There is no a in font nullfont!
Missing character: There is no t in font nullfont!
Missing character: There is no e in font nullfont!
Missing character: There is no m in font nullfont!
Missing character: There is no t in font nullfont!
Missing character: There is no i in font nullfont!
Missing character: There is no c in font nullfont!
Missing character: There is no a in font nullfont!
Missing character: There is no s in font nullfont!

Overfull \hbox (5.00002pt too wide) in paragraph at lines 26--26
 \/cmr/m/n/10 ^^Sa 
 []

Missing character: There is no U in font nullfont!
Missing character: There is no n in font nullfont!
Missing character: There is no i in font nullfont!
Missing character: There is no v in font nullfont!
Missing character: There is no e in font nullfont!
Missing character: There is no r in font nullfont!
Missing character: There is no s in font nullfont!
Missing character: There is no i in font nullfont!
Missing character: There is no d in font nullfont!
Missing character: There is no a in font nullfont!
Missing character: There is no d in font nullfont!
Missing character: There is no d in font nullfont!
Missing character: There is no e in font nullfont!
Missing character: There is no A in font nullfont!
Missing character: There is no n in font nullfont!
Missing character: There is no t in font nullfont!
Missing character: There is no i in font nullfont!
Missing character: There is no o in font nullfont!
Missing character: There is no q in font nullfont!
Missing character: There is no u in font nullfont!
Missing character: There is no i in font nullfont!
Missing character: There is no a in font nullfont!
Missing character: There is no C in font nullfont!
Missing character: There is no a in font nullfont!
Missing character: There is no u in font nullfont!
Missing character: There is no c in font nullfont!
Missing character: There is no a in font nullfont!
Missing character: There is no s in font nullfont!
Missing character: There is no i in font nullfont!
Missing character: There is no a in font nullfont!

Overfull \hbox (20.0pt too wide) in paragraph at lines 33--34
[] 
 []

Missing character: There is no 2 in font nullfont!
Missing character: There is no 0 in font nullfont!
Missing character: There is no 2 in font nullfont!
Missing character: There is no 0 in font nullfont!
)
! Emergency stop.
<*> titulo.tex
              
*** (job aborted, no legal \end found)

 
Here is how much of TeX's memory you used:
 32 strings out of 481239
 509 string characters out of 5920377
 240564 words of memory out of 5000000
 15398 multiletter control sequences out of 15000+600000
 532639 words of font info for 25 fonts, out of 8000000 for 9000
 1141 hyphenation exceptions out of 8191
 17i,1n,16p,172b,136s stack positions out of 5000i,500n,10000p,200000b,80000s
!  ==> Fatal error occurred, no output PDF file produced!
